-------------------------------------------------------------------------------
Test set: dev.formacao.modelagem.shared.NomePessoaTest
-------------------------------------------------------------------------------
Tests run: 15, Failures: 1, Errors: 0, Skipped: 0, Time elapsed: 0.047 s <<< FAILURE! -- in dev.formacao.modelagem.shared.NomePessoaTest
dev.formacao.modelagem.shared.NomePessoaTest.deveRetornarPropriedadesBasicasQuandoNomeForValido -- Time elapsed: 0.007 s <<< FAILURE!
org.opentest4j.AssertionFailedError: expected: <João> but was: <João da Silva>
	at org.junit.jupiter.api.AssertionFailureBuilder.build(AssertionFailureBuilder.java:158)
	at org.junit.jupiter.api.AssertionFailureBuilder.buildAndThrow(AssertionFailureBuilder.java:139)
	at org.junit.jupiter.api.AssertEquals.failNotEqual(AssertEquals.java:201)
	at org.junit.jupiter.api.AssertEquals.assertEquals(AssertEquals.java:184)
	at org.junit.jupiter.api.AssertEquals.assertEquals(AssertEquals.java:179)
	at org.junit.jupiter.api.Assertions.assertEquals(Assertions.java:1188)
	at dev.formacao.modelagem.shared.NomePessoaTest.deveRetornarPropriedadesBasicasQuandoNomeForValido(NomePessoaTest.java:66)

