<?xml version="1.0" encoding="UTF-8"?>
<testsuite xmlns:xsi="http://www.w3.org/2001/XMLSchema-instance" xsi:noNamespaceSchemaLocation="https://maven.apache.org/surefire/maven-surefire-plugin/xsd/surefire-test-report.xsd" version="3.0.2" name="dev.formacao.modelagem.shared.NomePessoaTest" time="0.047" tests="15" errors="0" skipped="0" failures="1">
  <properties>
[...]
</properties>
  <testcase name="deveNormalizarEspacosQuandoNomeForValido" classname="dev.formacao.modelagem.shared.NomePessoaTest" time="0.005"/>
  <testcase name="deveLancarExcecaoQuandoNomeNaoTiverSobrenome" classname="dev.formacao.modelagem.shared.NomePessoaTest" time="0.002"/>
  <testcase name="deveCombinarMultiplosErrosQuandoNomeForInvalido" classname="dev.formacao.modelagem.shared.NomePessoaTest" time="0.002"/>
  <testcase name="deveRetornarIniciaisEmMaiusculasQuandoNomeEstiverEmMinusculas" classname="dev.formacao.modelagem.shared.NomePessoaTest" time="0.002"/>
  <testcase name="deveRetornarIniciaisQuandoNomeTiverApostrofoOuHifen" classname="dev.formacao.modelagem.shared.NomePessoaTest" time="0.001"/>
  <testcase name="deveRetornarIniciaisQuandoNomeForValido" classname="dev.formacao.modelagem.shared.NomePessoaTest" time="0.001"/>
  <testcase name="deveRetornarIniciaisQuandoNomeTiverAcentos" classname="dev.formacao.modelagem.shared.NomePessoaTest" time="0.001"/>
  <testcase name="deveLancarExcecoesQuandoNomeForVazio" classname="dev.formacao.modelagem.shared.NomePessoaTest" time="0.001"/>
  <testcase name="deveLancarExcecoesQuandoNomeForNulo" classname="dev.formacao.modelagem.shared.NomePessoaTest" time="0.001"/>
  <testcase name="deveRetornarPropriedadesBasicasQuandoNomeForValido" classname="dev.formacao.modelagem.shared.NomePessoaTest" time="0.007">
    <failure message="expected: &lt;João&gt; but was: &lt;João da Silva&gt;" type="org.opentest4j.AssertionFailedError"><![CDATA[org.opentest4j.AssertionFailedError: expected: <João> but was: <João da Silva>
	at org.junit.jupiter.api.AssertionFailureBuilder.build(AssertionFailureBuilder.java:158)
	at org.junit.jupiter.api.AssertionFailureBuilder.buildAndThrow(AssertionFailureBuilder.java:139)
	at org.junit.jupiter.api.AssertEquals.failNotEqual(AssertEquals.java:201)
	at org.junit.jupiter.api.AssertEquals.assertEquals(AssertEquals.java:184)
	at org.junit.jupiter.api.AssertEquals.assertEquals(AssertEquals.java:179)
	at org.junit.jupiter.api.Assertions.assertEquals(Assertions.java:1188)
	at dev.formacao.modelagem.shared.NomePessoaTest.deveRetornarPropriedadesBasicasQuandoNomeForValido(NomePessoaTest.java:66)
]]></failure>
  </testcase>
  <testcase name="deveLancarExcecaoQuandoNomeNaoTiverSobrenomeMesmoComEspacosNormalizados" classname="dev.formacao.modelagem.shared.NomePessoaTest" time="0.001"/>
  <testcase name="deveLancarExcecaoQuandoNomeTiverCaracteresInvalidos" classname="dev.formacao.modelagem.shared.NomePessoaTest" time="0.0"/>
  <testcase name="deveLancarExcecaoQuandoNomeForGrande" classname="dev.formacao.modelagem.shared.NomePessoaTest" time="0.001"/>
  <testcase name="deveLancarExcecaoQuandoNomeForPequeno" classname="dev.formacao.modelagem.shared.NomePessoaTest" time="0.0"/>
  <testcase name="deveRetornarIniciaisQuandoTiverVariosSobrenomes" classname="dev.formacao.modelagem.shared.NomePessoaTest" time="0.001"/>
</testsuite>