<?xml version="1.0" encoding="UTF-8"?>
<testsuite xmlns:xsi="http://www.w3.org/2001/XMLSchema-instance" xsi:noNamespaceSchemaLocation="https://maven.apache.org/surefire/maven-surefire-plugin/xsd/surefire-test-report.xsd" version="3.0.2" name="dev.formacao.modelagem.utils.ValidadorTest" time="0.014" tests="13" errors="0" skipped="0" failures="0">
  <properties>
[...]
</properties>
  <testcase name="deveValidarTamanhoMaiorQueParaStrings" classname="dev.formacao.modelagem.utils.ValidadorTest" time="0.002"/>
  <testcase name="deveRetornarListaVaziaQuandoApenasErrosInvalidosForemFornecidos" classname="dev.formacao.modelagem.utils.ValidadorTest" time="0.002"/>
  <testcase name="deveValidarTamanhoMaiorQueParaColecoes" classname="dev.formacao.modelagem.utils.ValidadorTest" time="0.0"/>
  <testcase name="deveValidarTamanhoMenorQueParaColecoes" classname="dev.formacao.modelagem.utils.ValidadorTest" time="0.001"/>
  <testcase name="deveRetornarMensagemQuandoObjetoForNulo" classname="dev.formacao.modelagem.utils.ValidadorTest" time="0.001"/>
  <testcase name="deveRetornarMensagemQuandoStringForNula" classname="dev.formacao.modelagem.utils.ValidadorTest" time="0.001"/>
  <testcase name="deveRetornarNuloQuandoStringForValida" classname="dev.formacao.modelagem.utils.ValidadorTest" time="0.001"/>
  <testcase name="deveRetornarNuloQuandoObjetoForValido" classname="dev.formacao.modelagem.utils.ValidadorTest" time="0.001"/>
  <testcase name="deveCombinarErrosUnicos" classname="dev.formacao.modelagem.utils.ValidadorTest" time="0.0"/>
  <testcase name="deveValidarRegex" classname="dev.formacao.modelagem.utils.ValidadorTest" time="0.0"/>
  <testcase name="deveRetornarListaVaziaQuandoNenhumErroForFornecido" classname="dev.formacao.modelagem.utils.ValidadorTest" time="0.0"/>
  <testcase name="deveValidarTamanhoMenorQueParaStrings" classname="dev.formacao.modelagem.utils.ValidadorTest" time="0.0"/>
  <testcase name="deveRetornarMensagemQuandoStringForVazia" classname="dev.formacao.modelagem.utils.ValidadorTest" time="0.0"/>
</testsuite>